#! /c/Source/iverilog-install/bin/vvp
:ivl_version "12.0 (devel)" "(s20150603-1539-g2693dd32b)";
:ivl_delay_selection "TYPICAL";
:vpi_time_precision + 0;
:vpi_module "D:\appss\iverilog\lib\ivl\system.vpi";
:vpi_module "D:\appss\iverilog\lib\ivl\vhdl_sys.vpi";
:vpi_module "D:\appss\iverilog\lib\ivl\vhdl_textio.vpi";
:vpi_module "D:\appss\iverilog\lib\ivl\v2005_math.vpi";
:vpi_module "D:\appss\iverilog\lib\ivl\va_math.vpi";
S_000001cfe50fc1f0 .scope module, "top_module" "top_module" 2 1;
 .timescale 0 0;
    .port_info 0 /INPUT 1 "p1a";
    .port_info 1 /INPUT 1 "p1b";
    .port_info 2 /INPUT 1 "p1c";
    .port_info 3 /INPUT 1 "p1d";
    .port_info 4 /INPUT 1 "p1e";
    .port_info 5 /INPUT 1 "p1f";
    .port_info 6 /OUTPUT 1 "p1y";
    .port_info 7 /INPUT 1 "p2a";
    .port_info 8 /INPUT 1 "p2b";
    .port_info 9 /INPUT 1 "p2c";
    .port_info 10 /INPUT 1 "p2d";
    .port_info 11 /OUTPUT 1 "p2y";
o000001cfe5187188 .functor BUFZ 1, C4<z>; HiZ drive
o000001cfe51871b8 .functor BUFZ 1, C4<z>; HiZ drive
L_000001cfe5185810 .functor AND 1, o000001cfe5187188, o000001cfe51871b8, C4<1>, C4<1>;
o000001cfe51871e8 .functor BUFZ 1, C4<z>; HiZ drive
o000001cfe5187218 .functor BUFZ 1, C4<z>; HiZ drive
L_000001cfe51535e0 .functor AND 1, o000001cfe51871e8, o000001cfe5187218, C4<1>, C4<1>;
o000001cfe5187038 .functor BUFZ 1, C4<z>; HiZ drive
o000001cfe5187098 .functor BUFZ 1, C4<z>; HiZ drive
L_000001cfe51537e0 .functor AND 1, o000001cfe5187038, o000001cfe5187098, C4<1>, C4<1>;
o000001cfe5187068 .functor BUFZ 1, C4<z>; HiZ drive
L_000001cfe50fc4f0 .functor AND 1, L_000001cfe51537e0, o000001cfe5187068, C4<1>, C4<1>;
o000001cfe5187128 .functor BUFZ 1, C4<z>; HiZ drive
o000001cfe51870f8 .functor BUFZ 1, C4<z>; HiZ drive
L_000001cfe51d2d30 .functor AND 1, o000001cfe5187128, o000001cfe51870f8, C4<1>, C4<1>;
o000001cfe51870c8 .functor BUFZ 1, C4<z>; HiZ drive
L_000001cfe51d2da0 .functor AND 1, L_000001cfe51d2d30, o000001cfe51870c8, C4<1>, C4<1>;
L_000001cfe51d2e10 .functor OR 1, L_000001cfe5185810, L_000001cfe51535e0, C4<0>, C4<0>;
L_000001cfe5182db0 .functor OR 1, L_000001cfe50fc4f0, L_000001cfe51d2da0, C4<0>, C4<0>;
v000001cfe50fc450_0 .net *"_ivl_5", 0 0, L_000001cfe51537e0;  1 drivers
v000001cfe5153120_0 .net *"_ivl_9", 0 0, L_000001cfe51d2d30;  1 drivers
v000001cfe51d1850_0 .net "p1a", 0 0, o000001cfe5187038;  0 drivers
v000001cfe51d18f0_0 .net "p1b", 0 0, o000001cfe5187068;  0 drivers
v000001cfe51d1990_0 .net "p1c", 0 0, o000001cfe5187098;  0 drivers
v000001cfe51d1a30_0 .net "p1d", 0 0, o000001cfe51870c8;  0 drivers
v000001cfe51d1ad0_0 .net "p1e", 0 0, o000001cfe51870f8;  0 drivers
v000001cfe51d1b70_0 .net "p1f", 0 0, o000001cfe5187128;  0 drivers
v000001cfe51d23e0_0 .net "p1y", 0 0, L_000001cfe5182db0;  1 drivers
v000001cfe51d2b60_0 .net "p2a", 0 0, o000001cfe5187188;  0 drivers
v000001cfe51d1d00_0 .net "p2b", 0 0, o000001cfe51871b8;  0 drivers
v000001cfe51d1c60_0 .net "p2c", 0 0, o000001cfe51871e8;  0 drivers
v000001cfe51d2520_0 .net "p2d", 0 0, o000001cfe5187218;  0 drivers
v000001cfe51d25c0_0 .net "p2y", 0 0, L_000001cfe51d2e10;  1 drivers
v000001cfe51d1da0_0 .net "w", 0 0, L_000001cfe5185810;  1 drivers
v000001cfe51d2340_0 .net "x", 0 0, L_000001cfe51535e0;  1 drivers
v000001cfe51d2700_0 .net "y", 0 0, L_000001cfe50fc4f0;  1 drivers
v000001cfe51d20c0_0 .net "z", 0 0, L_000001cfe51d2da0;  1 drivers
# The file index is used to find the file name in the following table.
:file_names 3;
    "N/A";
    "<interactive>";
    "7458_chip.v";
