#! /c/Source/iverilog-install/bin/vvp
:ivl_version "12.0 (devel)" "(s20150603-1539-g2693dd32b)";
:ivl_delay_selection "TYPICAL";
:vpi_time_precision + 0;
:vpi_module "D:\appss\iverilog\lib\ivl\system.vpi";
:vpi_module "D:\appss\iverilog\lib\ivl\vhdl_sys.vpi";
:vpi_module "D:\appss\iverilog\lib\ivl\vhdl_textio.vpi";
:vpi_module "D:\appss\iverilog\lib\ivl\v2005_math.vpi";
:vpi_module "D:\appss\iverilog\lib\ivl\va_math.vpi";
S_000001908f312d20 .scope module, "top_module" "top_module" 2 1;
 .timescale 0 0;
    .port_info 0 /INPUT 1 "a";
    .port_info 1 /INPUT 1 "b";
    .port_info 2 /OUTPUT 1 "out";
o000001908f346868 .functor BUFZ 1, C4<z>; HiZ drive
o000001908f346898 .functor BUFZ 1, C4<z>; HiZ drive
L_000001908f313380 .functor OR 1, o000001908f346868, o000001908f346898, C4<0>, C4<0>;
L_000001908f312ff0 .functor NOT 1, L_000001908f313380, C4<0>, C4<0>, C4<0>;
v000001908f3135a0_0 .net *"_ivl_1", 0 0, L_000001908f313380;  1 drivers
v000001908f3137c0_0 .net "a", 0 0, o000001908f346868;  0 drivers
v000001908f312eb0_0 .net "b", 0 0, o000001908f346898;  0 drivers
v000001908f312f50_0 .net "out", 0 0, L_000001908f312ff0;  1 drivers
# The file index is used to find the file name in the following table.
:file_names 3;
    "N/A";
    "<interactive>";
    "Norgate.v";
