#! /c/Source/iverilog-install/bin/vvp
:ivl_version "12.0 (devel)" "(s20150603-1539-g2693dd32b)";
:ivl_delay_selection "TYPICAL";
:vpi_time_precision + 0;
:vpi_module "D:\appss\iverilog\lib\ivl\system.vpi";
:vpi_module "D:\appss\iverilog\lib\ivl\vhdl_sys.vpi";
:vpi_module "D:\appss\iverilog\lib\ivl\vhdl_textio.vpi";
:vpi_module "D:\appss\iverilog\lib\ivl\v2005_math.vpi";
:vpi_module "D:\appss\iverilog\lib\ivl\va_math.vpi";
S_0000025b8bfa2d20 .scope module, "top_module" "top_module" 2 2;
 .timescale 0 0;
    .port_info 0 /INPUT 1 "a";
    .port_info 1 /INPUT 1 "b";
    .port_info 2 /INPUT 1 "c";
    .port_info 3 /INPUT 1 "d";
    .port_info 4 /OUTPUT 1 "out";
    .port_info 5 /OUTPUT 1 "out_n";
o0000025b8bfd6fa8 .functor BUFZ 1, C4<z>; HiZ drive
o0000025b8bfd6fd8 .functor BUFZ 1, C4<z>; HiZ drive
L_0000025b8bf89c00 .functor AND 1, o0000025b8bfd6fa8, o0000025b8bfd6fd8, C4<1>, C4<1>;
o0000025b8bfd7008 .functor BUFZ 1, C4<z>; HiZ drive
o0000025b8bfd7038 .functor BUFZ 1, C4<z>; HiZ drive
L_0000025b8bf89ed0 .functor AND 1, o0000025b8bfd7008, o0000025b8bfd7038, C4<1>, C4<1>;
L_0000025b8bf8a9b0 .functor OR 1, L_0000025b8bf89c00, L_0000025b8bf89ed0, C4<0>, C4<0>;
L_0000025b8bfa37c0 .functor NOT 1, L_0000025b8bf8a9b0, C4<0>, C4<0>, C4<0>;
v0000025b8bfa35a0_0 .net "a", 0 0, o0000025b8bfd6fa8;  0 drivers
v0000025b8bf8a910_0 .net "b", 0 0, o0000025b8bfd6fd8;  0 drivers
v0000025b8bf89e30_0 .net "c", 0 0, o0000025b8bfd7008;  0 drivers
v0000025b8bf89b60_0 .net "d", 0 0, o0000025b8bfd7038;  0 drivers
v0000025b8bfa2eb0_0 .net "out", 0 0, L_0000025b8bf8a9b0;  1 drivers
v0000025b8bfa2f50_0 .net "out_n", 0 0, L_0000025b8bfa37c0;  1 drivers
v0000025b8bfa2ff0_0 .net "x", 0 0, L_0000025b8bf89c00;  1 drivers
v0000025b8bfa3090_0 .net "y", 0 0, L_0000025b8bf89ed0;  1 drivers
# The file index is used to find the file name in the following table.
:file_names 3;
    "N/A";
    "<interactive>";
    "Wire_decl.v";
